<?xml version="1.0" encoding="UTF-8"?>
<!-- Generated by org.testng.reporters.JUnitReportReporter -->
<testsuite hostname="LTIN219977" failures="0" tests="5" name="com.defects.tests.FiltersTest" time="44.031" errors="0" timestamp="2021-10-09T22:15:17 IST" skipped="0">
  <testcase classname="com.defects.tests.FiltersTest" name="defectHomePageFunctionalities" time="13.614"/>
  <testcase classname="com.defects.tests.FiltersTest" name="CreateInvalidFilter" time="5.235"/>
  <testcase classname="com.defects.tests.FiltersTest" name="CreateFilter" time="4.911"/>
  <testcase classname="com.defects.tests.FiltersTest" name="EditFilter" time="15.215"/>
  <testcase classname="com.defects.tests.FiltersTest" name="clearFilter" time="5.056"/>
</testsuite> <!-- com.defects.tests.FiltersTest -->
