<?xml version="1.0" encoding="UTF-8"?>
<!-- Generated by org.testng.reporters.JUnitReportReporter -->
<testsuite hostname="LTIN219977" failures="0" tests="2" name="com.defects.tests.AddDefectTest" time="62.226" errors="0" timestamp="2021-10-11T14:58:37 IST" skipped="0">
  <testcase classname="com.defects.tests.AddDefectTest" name="openAddDefectPage" time="5.456"/>
  <testcase classname="com.defects.tests.AddDefectTest" name="fillDetails" time="56.770"/>
</testsuite> <!-- com.defects.tests.AddDefectTest -->
