<?xml version="1.0" encoding="UTF-8"?>
<!-- Generated by org.testng.reporters.JUnitReportReporter -->
<testsuite hostname="LTIN219977" failures="0" tests="1" name="com.defects.tests.LoginTest" time="37.257" errors="0" timestamp="2021-10-08T12:17:41 IST" skipped="0">
  <testcase classname="com.defects.tests.LoginTest" name="Login" time="37.257"/>
  <system-out/>
</testsuite> <!-- com.defects.tests.LoginTest -->
