<?xml version="1.0" encoding="UTF-8"?>
<!-- Generated by org.testng.reporters.JUnitReportReporter -->
<testsuite hostname="LTIN219977" failures="0" tests="3" name="com.defects.tests.CommentsTest" time="38.171" errors="0" timestamp="2021-10-09T18:23:37 IST" skipped="0">
  <testcase classname="com.defects.tests.CommentsTest" name="navigateToCommentsTab" time="32.426"/>
  <testcase classname="com.defects.tests.CommentsTest" name="postComment" time="2.857"/>
  <testcase classname="com.defects.tests.CommentsTest" name="replyComment" time="2.888"/>
</testsuite> <!-- com.defects.tests.CommentsTest -->
