<?xml version="1.0" encoding="UTF-8"?>
<!-- Generated by org.testng.reporters.JUnitReportReporter -->
<testsuite hostname="LTIN219977" failures="0" tests="15" name="com.defects.tests.AttachmentsTest" time="61.173" errors="0" timestamp="2021-10-11T11:39:05 IST" skipped="0">
  <testcase classname="com.defects.tests.AttachmentsTest" name="attachmentsTabNavigate" time="31.908"/>
  <testcase classname="com.defects.tests.AttachmentsTest" name="test" time="3.067"/>
  <testcase classname="com.defects.tests.AttachmentsTest" name="test" time="0.058"/>
  <testcase classname="com.defects.tests.AttachmentsTest" name="test" time="1.371"/>
  <testcase classname="com.defects.tests.AttachmentsTest" name="test" time="0.054"/>
  <testcase classname="com.defects.tests.AttachmentsTest" name="test" time="1.438"/>
  <testcase classname="com.defects.tests.AttachmentsTest" name="test" time="1.725"/>
  <testcase classname="com.defects.tests.AttachmentsTest" name="test" time="1.376"/>
  <testcase classname="com.defects.tests.AttachmentsTest" name="test" time="0.062"/>
  <testcase classname="com.defects.tests.AttachmentsTest" name="test" time="0.063"/>
  <testcase classname="com.defects.tests.AttachmentsTest" name="test" time="0.084"/>
  <testcase classname="com.defects.tests.AttachmentsTest" name="test" time="0.065"/>
  <testcase classname="com.defects.tests.AttachmentsTest" name="test" time="0.056"/>
  <testcase classname="com.defects.tests.AttachmentsTest" name="singleAttachmentDelete" time="14.427"/>
  <testcase classname="com.defects.tests.AttachmentsTest" name="allAttachmentDelete" time="5.419"/>
</testsuite> <!-- com.defects.tests.AttachmentsTest -->
