<?xml version="1.0" encoding="UTF-8"?>
<!-- Generated by org.testng.reporters.JUnitReportReporter -->
<testsuite hostname="LTIN219977" failures="0" tests="2" name="com.defects.tests.AddDefectTest" time="59.265" errors="0" timestamp="2021-10-09T18:23:37 IST" skipped="0">
  <testcase classname="com.defects.tests.AddDefectTest" name="openAddDefectPage" time="4.612"/>
  <testcase classname="com.defects.tests.AddDefectTest" name="fillDetails" time="54.653"/>
</testsuite> <!-- com.defects.tests.AddDefectTest -->
