<?xml version="1.0" encoding="UTF-8"?>
<!-- Generated by org.testng.reporters.JUnitReportReporter -->
<testsuite hostname="LTIN219977" failures="0" tests="5" name="com.defects.tests.FiltersTest" time="38.202" errors="0" timestamp="2021-10-11T11:39:05 IST" skipped="0">
  <testcase classname="com.defects.tests.FiltersTest" name="defectHomePageFunctionalities" time="14.549"/>
  <testcase classname="com.defects.tests.FiltersTest" name="CreateInvalidFilter" time="5.672"/>
  <testcase classname="com.defects.tests.FiltersTest" name="CreateFilter" time="8.628"/>
  <testcase classname="com.defects.tests.FiltersTest" name="EditFilter" time="8.322"/>
  <testcase classname="com.defects.tests.FiltersTest" name="clearFilter" time="1.031"/>
</testsuite> <!-- com.defects.tests.FiltersTest -->
