<?xml version="1.0" encoding="UTF-8"?>
<!-- Generated by org.testng.reporters.JUnitReportReporter -->
<testsuite hostname="LTIN219977" failures="0" tests="2" name="com.defects.tests.LoginTest" time="40.412" errors="0" timestamp="2021-10-09T18:23:37 IST" skipped="0">
  <testcase classname="com.defects.tests.LoginTest" name="Login" time="31.239"/>
  <testcase classname="com.defects.tests.LoginTest" name="navigateToDefectsPage" time="9.173"/>
</testsuite> <!-- com.defects.tests.LoginTest -->
