<?xml version="1.0" encoding="UTF-8"?>
<!-- Generated by org.testng.reporters.JUnitReportReporter -->
<testsuite hostname="LTIN219977" failures="0" tests="3" name="com.defects.tests.LoginTest" time="1463.001" errors="1" timestamp="2021-10-08T16:27:12 IST" skipped="0">
  <testcase classname="com.defects.tests.LoginTest" name="teardown" time="1429.559">
    <error type="java.lang.StackOverflowError">
      <![CDATA[java.lang.StackOverflowError
at freemarker.core.FMParserTokenManager.TokenLexicalActions(FMParserTokenManager.java:7885)
at freemarker.core.FMParserTokenManager.getNextToken(FMParserTokenManager.java:7257)
at freemarker.core.FMParser.jj_ntk(FMParser.java:5167)
at freemarker.core.FMParser.DotVariable(FMParser.java:987)
at freemarker.core.FMParser.AddSubExpression(FMParser.java:872)
at freemarker.core.FMParser.PrimaryExpression(FMParser.java:400)
at freemarker.core.FMParser.UnaryExpression(FMParser.java:446)
at freemarker.core.FMParser.MultiplicativeExpression(FMParser.java:559)
at freemarker.core.FMParser.AdditiveExpression(FMParser.java:512)
at freemarker.core.FMParser.RangeExpression(FMParser.java:682)
at freemarker.core.FMParser.RelationalExpression(FMParser.java:635)
at freemarker.core.FMParser.EqualityExpression(FMParser.java:600)
at freemarker.core.FMParser.AndExpression(FMParser.java:745)
at freemarker.core.FMParser.OrExpression(FMParser.java:768)
at freemarker.core.FMParser.Expression(FMParser.java:348)
at freemarker.core.FMParser.PositionalArgs(FMParser.java:2537)
at freemarker.core.FMParser.MethodArgs(FMParser.java:1082)
at freemarker.core.FMParser.AddSubExpression(FMParser.java:878)
at freemarker.core.FMParser.PrimaryExpression(FMParser.java:400)
at freemarker.core.FMParser.UnaryExpression(FMParser.java:446)
at freemarker.core.FMParser.MultiplicativeExpression(FMParser.java:559)
at freemarker.core.FMParser.AdditiveExpression(FMParser.java:512)
at freemarker.core.FMParser.RangeExpression(FMParser.java:682)
at freemarker.core.FMParser.RelationalExpression(FMParser.java:635)
at freemarker.core.FMParser.EqualityExpression(FMParser.java:600)
at freemarker.core.FMParser.AndExpression(FMParser.java:745)
at freemarker.core.FMParser.OrExpression(FMParser.java:768)
at freemarker.core.FMParser.Expression(FMParser.java:348)
at freemarker.core.FMParser.StringOutput(FMParser.java:1240)
at freemarker.core.FMParser.MixedContent(FMParser.java:3036)
at freemarker.core.FMParser.OptionalBlock(FMParser.java:3253)
at freemarker.core.FMParser.List(FMParser.java:1437)
at freemarker.core.FMParser.FreemarkerDirective(FMParser.java:2827)
at freemarker.core.FMParser.MixedContent(FMParser.java:3081)
at freemarker.core.FMParser.OptionalBlock(FMParser.java:3253)
at freemarker.core.FMParser.If(FMParser.java:1338)
at freemarker.core.FMParser.FreemarkerDirective(FMParser.java:2824)
at freemarker.core.FMParser.MixedContent(FMParser.java:3081)
at freemarker.core.FMParser.OptionalBlock(FMParser.java:3253)
at freemarker.core.FMParser.If(FMParser.java:1338)
at freemarker.core.FMParser.FreemarkerDirective(FMParser.java:2824)
at freemarker.core.FMParser.MixedContent(FMParser.java:3081)
at freemarker.core.FMParser.OptionalBlock(FMParser.java:3253)
at freemarker.core.FMParser.List(FMParser.java:1437)
at freemarker.core.FMParser.FreemarkerDirective(FMParser.java:2827)
at freemarker.core.FMParser.MixedContent(FMParser.java:3081)
at freemarker.core.FMParser.OptionalBlock(FMParser.java:3253)
at freemarker.core.FMParser.Macro(FMParser.java:2269)
at freemarker.core.FMParser.FreemarkerDirective(FMParser.java:2845)
at freemarker.core.FMParser.MixedContent(FMParser.java:3081)
at freemarker.core.FMParser.OptionalBlock(FMParser.java:3253)
at freemarker.core.FMParser.If(FMParser.java:1338)
at freemarker.core.FMParser.FreemarkerDirective(FMParser.java:2824)
at freemarker.core.FMParser.MixedContent(FMParser.java:3081)
at freemarker.core.FMParser.OptionalBlock(FMParser.java:3253)
at freemarker.core.FMParser.Root(FMParser.java:3432)
at freemarker.template.Template.<init>(Template.java:208)
at freemarker.cache.TemplateCache.loadTemplate(TemplateCache.java:495)
at freemarker.cache.TemplateCache.getTemplate(TemplateCache.java:409)
at freemarker.cache.TemplateCache.getTemplate(TemplateCache.java:261)
at freemarker.template.Configuration.getTemplate(Configuration.java:1786)
at freemarker.core.Environment.getTemplateForInclusion(Environment.java:2044)
at freemarker.core.Include.accept(Include.java:158)
at freemarker.core.Environment.visitByHiddingParent(Environment.java:345)
at freemarker.core.IfBlock.accept(IfBlock.java:48)
at freemarker.core.Environment.visit(Environment.java:324)
at freemarker.core.MixedContent.accept(MixedContent.java:54)
at freemarker.core.Environment.visitByHiddingParent(Environment.java:345)
at freemarker.core.IteratorBlock$IterationContext.executeNestedBlockInner(IteratorBlock.java:268)
at freemarker.core.IteratorBlock$IterationContext.executeNestedBlock(IteratorBlock.java:220)
at freemarker.core.IteratorBlock$IterationContext.accept(IteratorBlock.java:194)
at freemarker.core.Environment.visitIteratorBlock(Environment.java:572)
at freemarker.core.IteratorBlock.acceptWithResult(IteratorBlock.java:78)
at freemarker.core.IteratorBlock.accept(IteratorBlock.java:64)
at freemarker.core.Environment.visit(Environment.java:324)
at freemarker.core.MixedContent.accept(MixedContent.java:54)
at freemarker.core.Environment.visit(Environment.java:324)
at freemarker.core.Environment.include(Environment.java:2072)
at freemarker.core.Include.accept(Include.java:167)
at freemarker.core.Environment.visit(Environment.java:324)
at freemarker.core.MixedContent.accept(MixedContent.java:54)
at freemarker.core.Environment.visit(Environment.java:324)
at freemarker.core.Environment.process(Environment.java:302)
at freemarker.template.Template.process(Template.java:325)
at com.aventstack.extentreports.reporter.ExtentHtmlReporter.flush(ExtentHtmlReporter.java:142)
at java.base/java.util.ArrayList.forEach(ArrayList.java:1511)
at com.aventstack.extentreports.Report.notifyReporters(Report.java:263)
at com.aventstack.extentreports.Report.flush(Report.java:185)
at com.aventstack.extentreports.ExtentReports.flush(ExtentReports.java:281)
at com.defects.tests.SuiteClass.teardown(SuiteClass.java:19)
at com.defects.tests.SuiteClass.teardown(SuiteClass.java:20)
at com.defects.tests.SuiteClass.teardown(SuiteClass.java:20)
at com.defects.tests.SuiteClass.teardown(SuiteClass.java:20)
at com.defects.tests.SuiteClass.teardown(SuiteClass.java:20)
at com.defects.tests.SuiteClass.teardown(SuiteClass.java:20)
at com.defects.tests.SuiteClass.teardown(SuiteClass.java:20)
at com.defects.tests.SuiteClass.teardown(SuiteClass.java:20)
at com.defects.tests.SuiteClass.teardown(SuiteClass.java:20)
at com.defects.tests.SuiteClass.teardown(SuiteClass.java:20)
at com.defects.tests.SuiteClass.teardown(SuiteClass.java:20)
at com.defects.tests.SuiteClass.teardown(SuiteClass.java:20)
at com.defects.tests.SuiteClass.teardown(SuiteClass.java:20)
at com.defects.tests.SuiteClass.teardown(SuiteClass.java:20)
at com.defects.tests.SuiteClass.teardown(SuiteClass.java:20)
at com.defects.tests.SuiteClass.teardown(SuiteClass.java:20)
at com.defects.tests.SuiteClass.teardown(SuiteClass.java:20)
at com.defects.tests.SuiteClass.teardown(SuiteClass.java:20)
at com.defects.tests.SuiteClass.teardown(SuiteClass.java:20)
at com.defects.tests.SuiteClass.teardown(SuiteClass.java:20)
at com.defects.tests.SuiteClass.teardown(SuiteClass.java:20)
at com.defects.tests.SuiteClass.teardown(SuiteClass.java:20)
at com.defects.tests.SuiteClass.teardown(SuiteClass.java:20)
at com.defects.tests.SuiteClass.teardown(SuiteClass.java:20)
at com.defects.tests.SuiteClass.teardown(SuiteClass.java:20)
at com.defects.tests.SuiteClass.teardown(SuiteClass.java:20)
at com.defects.tests.SuiteClass.teardown(SuiteClass.java:20)
at com.defects.tests.SuiteClass.teardown(SuiteClass.java:20)
at com.defects.tests.SuiteClass.teardown(SuiteClass.java:20)
at com.defects.tests.SuiteClass.teardown(SuiteClass.java:20)
at com.defects.tests.SuiteClass.teardown(SuiteClass.java:20)
at com.defects.tests.SuiteClass.teardown(SuiteClass.java:20)
at com.defects.tests.SuiteClass.teardown(SuiteClass.java:20)
at com.defects.tests.SuiteClass.teardown(SuiteClass.java:20)
at com.defects.tests.SuiteClass.teardown(SuiteClass.java:20)
at com.defects.tests.SuiteClass.teardown(SuiteClass.java:20)
at com.defects.tests.SuiteClass.teardown(SuiteClass.java:20)
at com.defects.tests.SuiteClass.teardown(SuiteClass.java:20)
at com.defects.tests.SuiteClass.teardown(SuiteClass.java:20)
at com.defects.tests.SuiteClass.teardown(SuiteClass.java:20)
at com.defects.tests.SuiteClass.teardown(SuiteClass.java:20)
at com.defects.tests.SuiteClass.teardown(SuiteClass.java:20)
at com.defects.tests.SuiteClass.teardown(SuiteClass.java:20)
at com.defects.tests.SuiteClass.teardown(SuiteClass.java:20)
at com.defects.tests.SuiteClass.teardown(SuiteClass.java:20)
at com.defects.tests.SuiteClass.teardown(SuiteClass.java:20)
at com.defects.tests.SuiteClass.teardown(SuiteClass.java:20)
at com.defects.tests.SuiteClass.teardown(SuiteClass.java:20)
at com.defects.tests.SuiteClass.teardown(SuiteClass.java:20)
at com.defects.tests.SuiteClass.teardown(SuiteClass.java:20)
at com.defects.tests.SuiteClass.teardown(SuiteClass.java:20)
at com.defects.tests.SuiteClass.teardown(SuiteClass.java:20)
at com.defects.tests.SuiteClass.teardown(SuiteClass.java:20)
at com.defects.tests.SuiteClass.teardown(SuiteClass.java:20)
at com.defects.tests.SuiteClass.teardown(SuiteClass.java:20)
at com.defects.tests.SuiteClass.teardown(SuiteClass.java:20)
at com.defects.tests.SuiteClass.teardown(SuiteClass.java:20)
at com.defects.tests.SuiteClass.teardown(SuiteClass.java:20)
at com.defects.tests.SuiteClass.teardown(SuiteClass.java:20)
at com.defects.tests.SuiteClass.teardown(SuiteClass.java:20)
at com.defects.tests.SuiteClass.teardown(SuiteClass.java:20)
at com.defects.tests.SuiteClass.teardown(SuiteClass.java:20)
at com.defects.tests.SuiteClass.teardown(SuiteClass.java:20)
at com.defects.tests.SuiteClass.teardown(SuiteClass.java:20)
at com.defects.tests.SuiteClass.teardown(SuiteClass.java:20)
at com.defects.tests.SuiteClass.teardown(SuiteClass.java:20)
at com.defects.tests.SuiteClass.teardown(SuiteClass.java:20)
at com.defects.tests.SuiteClass.teardown(SuiteClass.java:20)
at com.defects.tests.SuiteClass.teardown(SuiteClass.java:20)
at com.defects.tests.SuiteClass.teardown(SuiteClass.java:20)
at com.defects.tests.SuiteClass.teardown(SuiteClass.java:20)
at com.defects.tests.SuiteClass.teardown(SuiteClass.java:20)
at com.defects.tests.SuiteClass.teardown(SuiteClass.java:20)
at com.defects.tests.SuiteClass.teardown(SuiteClass.java:20)
at com.defects.tests.SuiteClass.teardown(SuiteClass.java:20)
at com.defects.tests.SuiteClass.teardown(SuiteClass.java:20)
at com.defects.tests.SuiteClass.teardown(SuiteClass.java:20)
at com.defects.tests.SuiteClass.teardown(SuiteClass.java:20)
at com.defects.tests.SuiteClass.teardown(SuiteClass.java:20)
at com.defects.tests.SuiteClass.teardown(SuiteClass.java:20)
at com.defects.tests.SuiteClass.teardown(SuiteClass.java:20)
at com.defects.tests.SuiteClass.teardown(SuiteClass.java:20)
at com.defects.tests.SuiteClass.teardown(SuiteClass.java:20)
at com.defects.tests.SuiteClass.teardown(SuiteClass.java:20)
at com.defects.tests.SuiteClass.teardown(SuiteClass.java:20)
at com.defects.tests.SuiteClass.teardown(SuiteClass.java:20)
at com.defects.tests.SuiteClass.teardown(SuiteClass.java:20)
at com.defects.tests.SuiteClass.teardown(SuiteClass.java:20)
at com.defects.tests.SuiteClass.teardown(SuiteClass.java:20)
at com.defects.tests.SuiteClass.teardown(SuiteClass.java:20)
at com.defects.tests.SuiteClass.teardown(SuiteClass.java:20)
at com.defects.tests.SuiteClass.teardown(SuiteClass.java:20)
at com.defects.tests.SuiteClass.teardown(SuiteClass.java:20)
at com.defects.tests.SuiteClass.teardown(SuiteClass.java:20)
at com.defects.tests.SuiteClass.teardown(SuiteClass.java:20)
at com.defects.tests.SuiteClass.teardown(SuiteClass.java:20)
at com.defects.tests.SuiteClass.teardown(SuiteClass.java:20)
at com.defects.tests.SuiteClass.teardown(SuiteClass.java:20)
at com.defects.tests.SuiteClass.teardown(SuiteClass.java:20)
at com.defects.tests.SuiteClass.teardown(SuiteClass.java:20)
at com.defects.tests.SuiteClass.teardown(SuiteClass.java:20)
at com.defects.tests.SuiteClass.teardown(SuiteClass.java:20)
at com.defects.tests.SuiteClass.teardown(SuiteClass.java:20)
at com.defects.tests.SuiteClass.teardown(SuiteClass.java:20)
at com.defects.tests.SuiteClass.teardown(SuiteClass.java:20)
at com.defects.tests.SuiteClass.teardown(SuiteClass.java:20)
at com.defects.tests.SuiteClass.teardown(SuiteClass.java:20)
at com.defects.tests.SuiteClass.teardown(SuiteClass.java:20)
at com.defects.tests.SuiteClass.teardown(SuiteClass.java:20)
at com.defects.tests.SuiteClass.teardown(SuiteClass.java:20)
at com.defects.tests.SuiteClass.teardown(SuiteClass.java:20)
at com.defects.tests.SuiteClass.teardown(SuiteClass.java:20)
at com.defects.tests.SuiteClass.teardown(SuiteClass.java:20)
at com.defects.tests.SuiteClass.teardown(SuiteClass.java:20)
at com.defects.tests.SuiteClass.teardown(SuiteClass.java:20)
at com.defects.tests.SuiteClass.teardown(SuiteClass.java:20)
at com.defects.tests.SuiteClass.teardown(SuiteClass.java:20)
at com.defects.tests.SuiteClass.teardown(SuiteClass.java:20)
at com.defects.tests.SuiteClass.teardown(SuiteClass.java:20)
at com.defects.tests.SuiteClass.teardown(SuiteClass.java:20)
at com.defects.tests.SuiteClass.teardown(SuiteClass.java:20)
at com.defects.tests.SuiteClass.teardown(SuiteClass.java:20)
at com.defects.tests.SuiteClass.teardown(SuiteClass.java:20)
at com.defects.tests.SuiteClass.teardown(SuiteClass.java:20)
at com.defects.tests.SuiteClass.teardown(SuiteClass.java:20)
at com.defects.tests.SuiteClass.teardown(SuiteClass.java:20)
at com.defects.tests.SuiteClass.teardown(SuiteClass.java:20)
at com.defects.tests.SuiteClass.teardown(SuiteClass.java:20)
at com.defects.tests.SuiteClass.teardown(SuiteClass.java:20)
at com.defects.tests.SuiteClass.teardown(SuiteClass.java:20)
at com.defects.tests.SuiteClass.teardown(SuiteClass.java:20)
at com.defects.tests.SuiteClass.teardown(SuiteClass.java:20)
at com.defects.tests.SuiteClass.teardown(SuiteClass.java:20)
at com.defects.tests.SuiteClass.teardown(SuiteClass.java:20)
at com.defects.tests.SuiteClass.teardown(SuiteClass.java:20)
at com.defects.tests.SuiteClass.teardown(SuiteClass.java:20)
at com.defects.tests.SuiteClass.teardown(SuiteClass.java:20)
at com.defects.tests.SuiteClass.teardown(SuiteClass.java:20)
at com.defects.tests.SuiteClass.teardown(SuiteClass.java:20)
at com.defects.tests.SuiteClass.teardown(SuiteClass.java:20)
at com.defects.tests.SuiteClass.teardown(SuiteClass.java:20)
at com.defects.tests.SuiteClass.teardown(SuiteClass.java:20)
at com.defects.tests.SuiteClass.teardown(SuiteClass.java:20)
at com.defects.tests.SuiteClass.teardown(SuiteClass.java:20)
at com.defects.tests.SuiteClass.teardown(SuiteClass.java:20)
at com.defects.tests.SuiteClass.teardown(SuiteClass.java:20)
at com.defects.tests.SuiteClass.teardown(SuiteClass.java:20)
at com.defects.tests.SuiteClass.teardown(SuiteClass.java:20)
at com.defects.tests.SuiteClass.teardown(SuiteClass.java:20)
at com.defects.tests.SuiteClass.teardown(SuiteClass.java:20)
at com.defects.tests.SuiteClass.teardown(SuiteClass.java:20)
at com.defects.tests.SuiteClass.teardown(SuiteClass.java:20)
at com.defects.tests.SuiteClass.teardown(SuiteClass.java:20)
at com.defects.tests.SuiteClass.teardown(SuiteClass.java:20)
at com.defects.tests.SuiteClass.teardown(SuiteClass.java:20)
at com.defects.tests.SuiteClass.teardown(SuiteClass.java:20)
at com.defects.tests.SuiteClass.teardown(SuiteClass.java:20)
at com.defects.tests.SuiteClass.teardown(SuiteClass.java:20)
at com.defects.tests.SuiteClass.teardown(SuiteClass.java:20)
at com.defects.tests.SuiteClass.teardown(SuiteClass.java:20)
at com.defects.tests.SuiteClass.teardown(SuiteClass.java:20)
at com.defects.tests.SuiteClass.teardown(SuiteClass.java:20)
at com.defects.tests.SuiteClass.teardown(SuiteClass.java:20)
at com.defects.tests.SuiteClass.teardown(SuiteClass.java:20)
at com.defects.tests.SuiteClass.teardown(SuiteClass.java:20)
at com.defects.tests.SuiteClass.teardown(SuiteClass.java:20)
at com.defects.tests.SuiteClass.teardown(SuiteClass.java:20)
at com.defects.tests.SuiteClass.teardown(SuiteClass.java:20)
at com.defects.tests.SuiteClass.teardown(SuiteClass.java:20)
at com.defects.tests.SuiteClass.teardown(SuiteClass.java:20)
at com.defects.tests.SuiteClass.teardown(SuiteClass.java:20)
at com.defects.tests.SuiteClass.teardown(SuiteClass.java:20)
at com.defects.tests.SuiteClass.teardown(SuiteClass.java:20)
at com.defects.tests.SuiteClass.teardown(SuiteClass.java:20)
at com.defects.tests.SuiteClass.teardown(SuiteClass.java:20)
at com.defects.tests.SuiteClass.teardown(SuiteClass.java:20)
at com.defects.tests.SuiteClass.teardown(SuiteClass.java:20)
at com.defects.tests.SuiteClass.teardown(SuiteClass.java:20)
at com.defects.tests.SuiteClass.teardown(SuiteClass.java:20)
at com.defects.tests.SuiteClass.teardown(SuiteClass.java:20)
at com.defects.tests.SuiteClass.teardown(SuiteClass.java:20)
at com.defects.tests.SuiteClass.teardown(SuiteClass.java:20)
at com.defects.tests.SuiteClass.teardown(SuiteClass.java:20)
at com.defects.tests.SuiteClass.teardown(SuiteClass.java:20)
at com.defects.tests.SuiteClass.teardown(SuiteClass.java:20)
at com.defects.tests.SuiteClass.teardown(SuiteClass.java:20)
at com.defects.tests.SuiteClass.teardown(SuiteClass.java:20)
at com.defects.tests.SuiteClass.teardown(SuiteClass.java:20)
at com.defects.tests.SuiteClass.teardown(SuiteClass.java:20)
at com.defects.tests.SuiteClass.teardown(SuiteClass.java:20)
at com.defects.tests.SuiteClass.teardown(SuiteClass.java:20)
at com.defects.tests.SuiteClass.teardown(SuiteClass.java:20)
at com.defects.tests.SuiteClass.teardown(SuiteClass.java:20)
at com.defects.tests.SuiteClass.teardown(SuiteClass.java:20)
at com.defects.tests.SuiteClass.teardown(SuiteClass.java:20)
at com.defects.tests.SuiteClass.teardown(SuiteClass.java:20)
at com.defects.tests.SuiteClass.teardown(SuiteClass.java:20)
at com.defects.tests.SuiteClass.teardown(SuiteClass.java:20)
at com.defects.tests.SuiteClass.teardown(SuiteClass.java:20)
at com.defects.tests.SuiteClass.teardown(SuiteClass.java:20)
at com.defects.tests.SuiteClass.teardown(SuiteClass.java:20)
at com.defects.tests.SuiteClass.teardown(SuiteClass.java:20)
at com.defects.tests.SuiteClass.teardown(SuiteClass.java:20)
at com.defects.tests.SuiteClass.teardown(SuiteClass.java:20)
at com.defects.tests.SuiteClass.teardown(SuiteClass.java:20)
at com.defects.tests.SuiteClass.teardown(SuiteClass.java:20)
at com.defects.tests.SuiteClass.teardown(SuiteClass.java:20)
at com.defects.tests.SuiteClass.teardown(SuiteClass.java:20)
at com.defects.tests.SuiteClass.teardown(SuiteClass.java:20)
at com.defects.tests.SuiteClass.teardown(SuiteClass.java:20)
at com.defects.tests.SuiteClass.teardown(SuiteClass.java:20)
at com.defects.tests.SuiteClass.teardown(SuiteClass.java:20)
at com.defects.tests.SuiteClass.teardown(SuiteClass.java:20)
at com.defects.tests.SuiteClass.teardown(SuiteClass.java:20)
at com.defects.tests.SuiteClass.teardown(SuiteClass.java:20)
at com.defects.tests.SuiteClass.teardown(SuiteClass.java:20)
at com.defects.tests.SuiteClass.teardown(SuiteClass.java:20)
at com.defects.tests.SuiteClass.teardown(SuiteClass.java:20)
at com.defects.tests.SuiteClass.teardown(SuiteClass.java:20)
at com.defects.tests.SuiteClass.teardown(SuiteClass.java:20)
at com.defects.tests.SuiteClass.teardown(SuiteClass.java:20)
at com.defects.tests.SuiteClass.teardown(SuiteClass.java:20)
at com.defects.tests.SuiteClass.teardown(SuiteClass.java:20)
at com.defects.tests.SuiteClass.teardown(SuiteClass.java:20)
at com.defects.tests.SuiteClass.teardown(SuiteClass.java:20)
at com.defects.tests.SuiteClass.teardown(SuiteClass.java:20)
at com.defects.tests.SuiteClass.teardown(SuiteClass.java:20)
at com.defects.tests.SuiteClass.teardown(SuiteClass.java:20)
at com.defects.tests.SuiteClass.teardown(SuiteClass.java:20)
at com.defects.tests.SuiteClass.teardown(SuiteClass.java:20)
at com.defects.tests.SuiteClass.teardown(SuiteClass.java:20)
at com.defects.tests.SuiteClass.teardown(SuiteClass.java:20)
at com.defects.tests.SuiteClass.teardown(SuiteClass.java:20)
at com.defects.tests.SuiteClass.teardown(SuiteClass.java:20)
at com.defects.tests.SuiteClass.teardown(SuiteClass.java:20)
at com.defects.tests.SuiteClass.teardown(SuiteClass.java:20)
at com.defects.tests.SuiteClass.teardown(SuiteClass.java:20)
at com.defects.tests.SuiteClass.teardown(SuiteClass.java:20)
at com.defects.tests.SuiteClass.teardown(SuiteClass.java:20)
at com.defects.tests.SuiteClass.teardown(SuiteClass.java:20)
at com.defects.tests.SuiteClass.teardown(SuiteClass.java:20)
at com.defects.tests.SuiteClass.teardown(SuiteClass.java:20)
at com.defects.tests.SuiteClass.teardown(SuiteClass.java:20)
at com.defects.tests.SuiteClass.teardown(SuiteClass.java:20)
at com.defects.tests.SuiteClass.teardown(SuiteClass.java:20)
at com.defects.tests.SuiteClass.teardown(SuiteClass.java:20)
at com.defects.tests.SuiteClass.teardown(SuiteClass.java:20)
at com.defects.tests.SuiteClass.teardown(SuiteClass.java:20)
at com.defects.tests.SuiteClass.teardown(SuiteClass.java:20)
at com.defects.tests.SuiteClass.teardown(SuiteClass.java:20)
at com.defects.tests.SuiteClass.teardown(SuiteClass.java:20)
at com.defects.tests.SuiteClass.teardown(SuiteClass.java:20)
at com.defects.tests.SuiteClass.teardown(SuiteClass.java:20)
at com.defects.tests.SuiteClass.teardown(SuiteClass.java:20)
at com.defects.tests.SuiteClass.teardown(SuiteClass.java:20)
at com.defects.tests.SuiteClass.teardown(SuiteClass.java:20)
at com.defects.tests.SuiteClass.teardown(SuiteClass.java:20)
at com.defects.tests.SuiteClass.teardown(SuiteClass.java:20)
at com.defects.tests.SuiteClass.teardown(SuiteClass.java:20)
at com.defects.tests.SuiteClass.teardown(SuiteClass.java:20)
at com.defects.tests.SuiteClass.teardown(SuiteClass.java:20)
at com.defects.tests.SuiteClass.teardown(SuiteClass.java:20)
at com.defects.tests.SuiteClass.teardown(SuiteClass.java:20)
at com.defects.tests.SuiteClass.teardown(SuiteClass.java:20)
at com.defects.tests.SuiteClass.teardown(SuiteClass.java:20)
at com.defects.tests.SuiteClass.teardown(SuiteClass.java:20)
at com.defects.tests.SuiteClass.teardown(SuiteClass.java:20)
at com.defects.tests.SuiteClass.teardown(SuiteClass.java:20)
at com.defects.tests.SuiteClass.teardown(SuiteClass.java:20)
at com.defects.tests.SuiteClass.teardown(SuiteClass.java:20)
at com.defects.tests.SuiteClass.teardown(SuiteClass.java:20)
at com.defects.tests.SuiteClass.teardown(SuiteClass.java:20)
at com.defects.tests.SuiteClass.teardown(SuiteClass.java:20)
at com.defects.tests.SuiteClass.teardown(SuiteClass.java:20)
at com.defects.tests.SuiteClass.teardown(SuiteClass.java:20)
at com.defects.tests.SuiteClass.teardown(SuiteClass.java:20)
at com.defects.tests.SuiteClass.teardown(SuiteClass.java:20)
at com.defects.tests.SuiteClass.teardown(SuiteClass.java:20)
at com.defects.tests.SuiteClass.teardown(SuiteClass.java:20)
at com.defects.tests.SuiteClass.teardown(SuiteClass.java:20)
at com.defects.tests.SuiteClass.teardown(SuiteClass.java:20)
at com.defects.tests.SuiteClass.teardown(SuiteClass.java:20)
at com.defects.tests.SuiteClass.teardown(SuiteClass.java:20)
at com.defects.tests.SuiteClass.teardown(SuiteClass.java:20)
at com.defects.tests.SuiteClass.teardown(SuiteClass.java:20)
at com.defects.tests.SuiteClass.teardown(SuiteClass.java:20)
at com.defects.tests.SuiteClass.teardown(SuiteClass.java:20)
at com.defects.tests.SuiteClass.teardown(SuiteClass.java:20)
at com.defects.tests.SuiteClass.teardown(SuiteClass.java:20)
at com.defects.tests.SuiteClass.teardown(SuiteClass.java:20)
at com.defects.tests.SuiteClass.teardown(SuiteClass.java:20)
at com.defects.tests.SuiteClass.teardown(SuiteClass.java:20)
at com.defects.tests.SuiteClass.teardown(SuiteClass.java:20)
at com.defects.tests.SuiteClass.teardown(SuiteClass.java:20)
at com.defects.tests.SuiteClass.teardown(SuiteClass.java:20)
at com.defects.tests.SuiteClass.teardown(SuiteClass.java:20)
at com.defects.tests.SuiteClass.teardown(SuiteClass.java:20)
at com.defects.tests.SuiteClass.teardown(SuiteClass.java:20)
at com.defects.tests.SuiteClass.teardown(SuiteClass.java:20)
at com.defects.tests.SuiteClass.teardown(SuiteClass.java:20)
at com.defects.tests.SuiteClass.teardown(SuiteClass.java:20)
at com.defects.tests.SuiteClass.teardown(SuiteClass.java:20)
at com.defects.tests.SuiteClass.teardown(SuiteClass.java:20)
at com.defects.tests.SuiteClass.teardown(SuiteClass.java:20)
at com.defects.tests.SuiteClass.teardown(SuiteClass.java:20)
at com.defects.tests.SuiteClass.teardown(SuiteClass.java:20)
at com.defects.tests.SuiteClass.teardown(SuiteClass.java:20)
at com.defects.tests.SuiteClass.teardown(SuiteClass.java:20)
at com.defects.tests.SuiteClass.teardown(SuiteClass.java:20)
at com.defects.tests.SuiteClass.teardown(SuiteClass.java:20)
at com.defects.tests.SuiteClass.teardown(SuiteClass.java:20)
at com.defects.tests.SuiteClass.teardown(SuiteClass.java:20)
at com.defects.tests.SuiteClass.teardown(SuiteClass.java:20)
at com.defects.tests.SuiteClass.teardown(SuiteClass.java:20)
at com.defects.tests.SuiteClass.teardown(SuiteClass.java:20)
at com.defects.tests.SuiteClass.teardown(SuiteClass.java:20)
at com.defects.tests.SuiteClass.teardown(SuiteClass.java:20)
at com.defects.tests.SuiteClass.teardown(SuiteClass.java:20)
at com.defects.tests.SuiteClass.teardown(SuiteClass.java:20)
at com.defects.tests.SuiteClass.teardown(SuiteClass.java:20)
at com.defects.tests.SuiteClass.teardown(SuiteClass.java:20)
at com.defects.tests.SuiteClass.teardown(SuiteClass.java:20)
at com.defects.tests.SuiteClass.teardown(SuiteClass.java:20)
at com.defects.tests.SuiteClass.teardown(SuiteClass.java:20)
at com.defects.tests.SuiteClass.teardown(SuiteClass.java:20)
at com.defects.tests.SuiteClass.teardown(SuiteClass.java:20)
at com.defects.tests.SuiteClass.teardown(SuiteClass.java:20)
at com.defects.tests.SuiteClass.teardown(SuiteClass.java:20)
at com.defects.tests.SuiteClass.teardown(SuiteClass.java:20)
at com.defects.tests.SuiteClass.teardown(SuiteClass.java:20)
at com.defects.tests.SuiteClass.teardown(SuiteClass.java:20)
at com.defects.tests.SuiteClass.teardown(SuiteClass.java:20)
at com.defects.tests.SuiteClass.teardown(SuiteClass.java:20)
at com.defects.tests.SuiteClass.teardown(SuiteClass.java:20)
at com.defects.tests.SuiteClass.teardown(SuiteClass.java:20)
at com.defects.tests.SuiteClass.teardown(SuiteClass.java:20)
at com.defects.tests.SuiteClass.teardown(SuiteClass.java:20)
at com.defects.tests.SuiteClass.teardown(SuiteClass.java:20)
at com.defects.tests.SuiteClass.teardown(SuiteClass.java:20)
at com.defects.tests.SuiteClass.teardown(SuiteClass.java:20)
at com.defects.tests.SuiteClass.teardown(SuiteClass.java:20)
at com.defects.tests.SuiteClass.teardown(SuiteClass.java:20)
at com.defects.tests.SuiteClass.teardown(SuiteClass.java:20)
at com.defects.tests.SuiteClass.teardown(SuiteClass.java:20)
at com.defects.tests.SuiteClass.teardown(SuiteClass.java:20)
at com.defects.tests.SuiteClass.teardown(SuiteClass.java:20)
at com.defects.tests.SuiteClass.teardown(SuiteClass.java:20)
at com.defects.tests.SuiteClass.teardown(SuiteClass.java:20)
at com.defects.tests.SuiteClass.teardown(SuiteClass.java:20)
at com.defects.tests.SuiteClass.teardown(SuiteClass.java:20)
at com.defects.tests.SuiteClass.teardown(SuiteClass.java:20)
at com.defects.tests.SuiteClass.teardown(SuiteClass.java:20)
at com.defects.tests.SuiteClass.teardown(SuiteClass.java:20)
at com.defects.tests.SuiteClass.teardown(SuiteClass.java:20)
at com.defects.tests.SuiteClass.teardown(SuiteClass.java:20)
at com.defects.tests.SuiteClass.teardown(SuiteClass.java:20)
at com.defects.tests.SuiteClass.teardown(SuiteClass.java:20)
at com.defects.tests.SuiteClass.teardown(SuiteClass.java:20)
at com.defects.tests.SuiteClass.teardown(SuiteClass.java:20)
at com.defects.tests.SuiteClass.teardown(SuiteClass.java:20)
at com.defects.tests.SuiteClass.teardown(SuiteClass.java:20)
at com.defects.tests.SuiteClass.teardown(SuiteClass.java:20)
at com.defects.tests.SuiteClass.teardown(SuiteClass.java:20)
at com.defects.tests.SuiteClass.teardown(SuiteClass.java:20)
at com.defects.tests.SuiteClass.teardown(SuiteClass.java:20)
at com.defects.tests.SuiteClass.teardown(SuiteClass.java:20)
at com.defects.tests.SuiteClass.teardown(SuiteClass.java:20)
at com.defects.tests.SuiteClass.teardown(SuiteClass.java:20)
at com.defects.tests.SuiteClass.teardown(SuiteClass.java:20)
at com.defects.tests.SuiteClass.teardown(SuiteClass.java:20)
at com.defects.tests.SuiteClass.teardown(SuiteClass.java:20)
at com.defects.tests.SuiteClass.teardown(SuiteClass.java:20)
at com.defects.tests.SuiteClass.teardown(SuiteClass.java:20)
at com.defects.tests.SuiteClass.teardown(SuiteClass.java:20)
at com.defects.tests.SuiteClass.teardown(SuiteClass.java:20)
at com.defects.tests.SuiteClass.teardown(SuiteClass.java:20)
at com.defects.tests.SuiteClass.teardown(SuiteClass.java:20)
at com.defects.tests.SuiteClass.teardown(SuiteClass.java:20)
at com.defects.tests.SuiteClass.teardown(SuiteClass.java:20)
at com.defects.tests.SuiteClass.teardown(SuiteClass.java:20)
at com.defects.tests.SuiteClass.teardown(SuiteClass.java:20)
at com.defects.tests.SuiteClass.teardown(SuiteClass.java:20)
at com.defects.tests.SuiteClass.teardown(SuiteClass.java:20)
at com.defects.tests.SuiteClass.teardown(SuiteClass.java:20)
at com.defects.tests.SuiteClass.teardown(SuiteClass.java:20)
at com.defects.tests.SuiteClass.teardown(SuiteClass.java:20)
at com.defects.tests.SuiteClass.teardown(SuiteClass.java:20)
at com.defects.tests.SuiteClass.teardown(SuiteClass.java:20)
at com.defects.tests.SuiteClass.teardown(SuiteClass.java:20)
at com.defects.tests.SuiteClass.teardown(SuiteClass.java:20)
at com.defects.tests.SuiteClass.teardown(SuiteClass.java:20)
at com.defects.tests.SuiteClass.teardown(SuiteClass.java:20)
at com.defects.tests.SuiteClass.teardown(SuiteClass.java:20)
at com.defects.tests.SuiteClass.teardown(SuiteClass.java:20)
at com.defects.tests.SuiteClass.teardown(SuiteClass.java:20)
at com.defects.tests.SuiteClass.teardown(SuiteClass.java:20)
at com.defects.tests.SuiteClass.teardown(SuiteClass.java:20)
at com.defects.tests.SuiteClass.teardown(SuiteClass.java:20)
at com.defects.tests.SuiteClass.teardown(SuiteClass.java:20)
at com.defects.tests.SuiteClass.teardown(SuiteClass.java:20)
at com.defects.tests.SuiteClass.teardown(SuiteClass.java:20)
at com.defects.tests.SuiteClass.teardown(SuiteClass.java:20)
at com.defects.tests.SuiteClass.teardown(SuiteClass.java:20)
at com.defects.tests.SuiteClass.teardown(SuiteClass.java:20)
at com.defects.tests.SuiteClass.teardown(SuiteClass.java:20)
at com.defects.tests.SuiteClass.teardown(SuiteClass.java:20)
at com.defects.tests.SuiteClass.teardown(SuiteClass.java:20)
at com.defects.tests.SuiteClass.teardown(SuiteClass.java:20)
at com.defects.tests.SuiteClass.teardown(SuiteClass.java:20)
at com.defects.tests.SuiteClass.teardown(SuiteClass.java:20)
at com.defects.tests.SuiteClass.teardown(SuiteClass.java:20)
at com.defects.tests.SuiteClass.teardown(SuiteClass.java:20)
at com.defects.tests.SuiteClass.teardown(SuiteClass.java:20)
at com.defects.tests.SuiteClass.teardown(SuiteClass.java:20)
at com.defects.tests.SuiteClass.teardown(SuiteClass.java:20)
at com.defects.tests.SuiteClass.teardown(SuiteClass.java:20)
at com.defects.tests.SuiteClass.teardown(SuiteClass.java:20)
at com.defects.tests.SuiteClass.teardown(SuiteClass.java:20)
at com.defects.tests.SuiteClass.teardown(SuiteClass.java:20)
at com.defects.tests.SuiteClass.teardown(SuiteClass.java:20)
at com.defects.tests.SuiteClass.teardown(SuiteClass.java:20)
at com.defects.tests.SuiteClass.teardown(SuiteClass.java:20)
at com.defects.tests.SuiteClass.teardown(SuiteClass.java:20)
at com.defects.tests.SuiteClass.teardown(SuiteClass.java:20)
at com.defects.tests.SuiteClass.teardown(SuiteClass.java:20)
at com.defects.tests.SuiteClass.teardown(SuiteClass.java:20)
at com.defects.tests.SuiteClass.teardown(SuiteClass.java:20)
at com.defects.tests.SuiteClass.teardown(SuiteClass.java:20)
at com.defects.tests.SuiteClass.teardown(SuiteClass.java:20)
at com.defects.tests.SuiteClass.teardown(SuiteClass.java:20)
at com.defects.tests.SuiteClass.teardown(SuiteClass.java:20)
at com.defects.tests.SuiteClass.teardown(SuiteClass.java:20)
at com.defects.tests.SuiteClass.teardown(SuiteClass.java:20)
at com.defects.tests.SuiteClass.teardown(SuiteClass.java:20)
at com.defects.tests.SuiteClass.teardown(SuiteClass.java:20)
at com.defects.tests.SuiteClass.teardown(SuiteClass.java:20)
at com.defects.tests.SuiteClass.teardown(SuiteClass.java:20)
at com.defects.tests.SuiteClass.teardown(SuiteClass.java:20)
at com.defects.tests.SuiteClass.teardown(SuiteClass.java:20)
at com.defects.tests.SuiteClass.teardown(SuiteClass.java:20)
at com.defects.tests.SuiteClass.teardown(SuiteClass.java:20)
at com.defects.tests.SuiteClass.teardown(SuiteClass.java:20)
at com.defects.tests.SuiteClass.teardown(SuiteClass.java:20)
at com.defects.tests.SuiteClass.teardown(SuiteClass.java:20)
at com.defects.tests.SuiteClass.teardown(SuiteClass.java:20)
at com.defects.tests.SuiteClass.teardown(SuiteClass.java:20)
at com.defects.tests.SuiteClass.teardown(SuiteClass.java:20)
at com.defects.tests.SuiteClass.teardown(SuiteClass.java:20)
at com.defects.tests.SuiteClass.teardown(SuiteClass.java:20)
at com.defects.tests.SuiteClass.teardown(SuiteClass.java:20)
at com.defects.tests.SuiteClass.teardown(SuiteClass.java:20)
at com.defects.tests.SuiteClass.teardown(SuiteClass.java:20)
at com.defects.tests.SuiteClass.teardown(SuiteClass.java:20)
at com.defects.tests.SuiteClass.teardown(SuiteClass.java:20)
at com.defects.tests.SuiteClass.teardown(SuiteClass.java:20)
at com.defects.tests.SuiteClass.teardown(SuiteClass.java:20)
at com.defects.tests.SuiteClass.teardown(SuiteClass.java:20)
at com.defects.tests.SuiteClass.teardown(SuiteClass.java:20)
at com.defects.tests.SuiteClass.teardown(SuiteClass.java:20)
at com.defects.tests.SuiteClass.teardown(SuiteClass.java:20)
at com.defects.tests.SuiteClass.teardown(SuiteClass.java:20)
at com.defects.tests.SuiteClass.teardown(SuiteClass.java:20)
at com.defects.tests.SuiteClass.teardown(SuiteClass.java:20)
at com.defects.tests.SuiteClass.teardown(SuiteClass.java:20)
at com.defects.tests.SuiteClass.teardown(SuiteClass.java:20)
at com.defects.tests.SuiteClass.teardown(SuiteClass.java:20)
at com.defects.tests.SuiteClass.teardown(SuiteClass.java:20)
at com.defects.tests.SuiteClass.teardown(SuiteClass.java:20)
at com.defects.tests.SuiteClass.teardown(SuiteClass.java:20)
at com.defects.tests.SuiteClass.teardown(SuiteClass.java:20)
at com.defects.tests.SuiteClass.teardown(SuiteClass.java:20)
at com.defects.tests.SuiteClass.teardown(SuiteClass.java:20)
at com.defects.tests.SuiteClass.teardown(SuiteClass.java:20)
at com.defects.tests.SuiteClass.teardown(SuiteClass.java:20)
at com.defects.tests.SuiteClass.teardown(SuiteClass.java:20)
at com.defects.tests.SuiteClass.teardown(SuiteClass.java:20)
at com.defects.tests.SuiteClass.teardown(SuiteClass.java:20)
at com.defects.tests.SuiteClass.teardown(SuiteClass.java:20)
at com.defects.tests.SuiteClass.teardown(SuiteClass.java:20)
at com.defects.tests.SuiteClass.teardown(SuiteClass.java:20)
at com.defects.tests.SuiteClass.teardown(SuiteClass.java:20)
at com.defects.tests.SuiteClass.teardown(SuiteClass.java:20)
at com.defects.tests.SuiteClass.teardown(SuiteClass.java:20)
at com.defects.tests.SuiteClass.teardown(SuiteClass.java:20)
at com.defects.tests.SuiteClass.teardown(SuiteClass.java:20)
at com.defects.tests.SuiteClass.teardown(SuiteClass.java:20)
at com.defects.tests.SuiteClass.teardown(SuiteClass.java:20)
at com.defects.tests.SuiteClass.teardown(SuiteClass.java:20)
at com.defects.tests.SuiteClass.teardown(SuiteClass.java:20)
at com.defects.tests.SuiteClass.teardown(SuiteClass.java:20)
at com.defects.tests.SuiteClass.teardown(SuiteClass.java:20)
at com.defects.tests.SuiteClass.teardown(SuiteClass.java:20)
at com.defects.tests.SuiteClass.teardown(SuiteClass.java:20)
at com.defects.tests.SuiteClass.teardown(SuiteClass.java:20)
at com.defects.tests.SuiteClass.teardown(SuiteClass.java:20)
at com.defects.tests.SuiteClass.teardown(SuiteClass.java:20)
at com.defects.tests.SuiteClass.teardown(SuiteClass.java:20)
at com.defects.tests.SuiteClass.teardown(SuiteClass.java:20)
at com.defects.tests.SuiteClass.teardown(SuiteClass.java:20)
at com.defects.tests.SuiteClass.teardown(SuiteClass.java:20)
at com.defects.tests.SuiteClass.teardown(SuiteClass.java:20)
at com.defects.tests.SuiteClass.teardown(SuiteClass.java:20)
at com.defects.tests.SuiteClass.teardown(SuiteClass.java:20)
at com.defects.tests.SuiteClass.teardown(SuiteClass.java:20)
at com.defects.tests.SuiteClass.teardown(SuiteClass.java:20)
at com.defects.tests.SuiteClass.teardown(SuiteClass.java:20)
at com.defects.tests.SuiteClass.teardown(SuiteClass.java:20)
at com.defects.tests.SuiteClass.teardown(SuiteClass.java:20)
at com.defects.tests.SuiteClass.teardown(SuiteClass.java:20)
at com.defects.tests.SuiteClass.teardown(SuiteClass.java:20)
at com.defects.tests.SuiteClass.teardown(SuiteClass.java:20)
at com.defects.tests.SuiteClass.teardown(SuiteClass.java:20)
at com.defects.tests.SuiteClass.teardown(SuiteClass.java:20)
at com.defects.tests.SuiteClass.teardown(SuiteClass.java:20)
at com.defects.tests.SuiteClass.teardown(SuiteClass.java:20)
at com.defects.tests.SuiteClass.teardown(SuiteClass.java:20)
at com.defects.tests.SuiteClass.teardown(SuiteClass.java:20)
at com.defects.tests.SuiteClass.teardown(SuiteClass.java:20)
at com.defects.tests.SuiteClass.teardown(SuiteClass.java:20)
at com.defects.tests.SuiteClass.teardown(SuiteClass.java:20)
at com.defects.tests.SuiteClass.teardown(SuiteClass.java:20)
at com.defects.tests.SuiteClass.teardown(SuiteClass.java:20)
at com.defects.tests.SuiteClass.teardown(SuiteClass.java:20)
at com.defects.tests.SuiteClass.teardown(SuiteClass.java:20)
at com.defects.tests.SuiteClass.teardown(SuiteClass.java:20)
at com.defects.tests.SuiteClass.teardown(SuiteClass.java:20)
at com.defects.tests.SuiteClass.teardown(SuiteClass.java:20)
at com.defects.tests.SuiteClass.teardown(SuiteClass.java:20)
at com.defects.tests.SuiteClass.teardown(SuiteClass.java:20)
at com.defects.tests.SuiteClass.teardown(SuiteClass.java:20)
at com.defects.tests.SuiteClass.teardown(SuiteClass.java:20)
at com.defects.tests.SuiteClass.teardown(SuiteClass.java:20)
at com.defects.tests.SuiteClass.teardown(SuiteClass.java:20)
at com.defects.tests.SuiteClass.teardown(SuiteClass.java:20)
at com.defects.tests.SuiteClass.teardown(SuiteClass.java:20)
at com.defects.tests.SuiteClass.teardown(SuiteClass.java:20)
at com.defects.tests.SuiteClass.teardown(SuiteClass.java:20)
at com.defects.tests.SuiteClass.teardown(SuiteClass.java:20)
at com.defects.tests.SuiteClass.teardown(SuiteClass.java:20)
at com.defects.tests.SuiteClass.teardown(SuiteClass.java:20)
at com.defects.tests.SuiteClass.teardown(SuiteClass.java:20)
at com.defects.tests.SuiteClass.teardown(SuiteClass.java:20)
at com.defects.tests.SuiteClass.teardown(SuiteClass.java:20)
at com.defects.tests.SuiteClass.teardown(SuiteClass.java:20)
at com.defects.tests.SuiteClass.teardown(SuiteClass.java:20)
at com.defects.tests.SuiteClass.teardown(SuiteClass.java:20)
at com.defects.tests.SuiteClass.teardown(SuiteClass.java:20)
at com.defects.tests.SuiteClass.teardown(SuiteClass.java:20)
at com.defects.tests.SuiteClass.teardown(SuiteClass.java:20)
at com.defects.tests.SuiteClass.teardown(SuiteClass.java:20)
at com.defects.tests.SuiteClass.teardown(SuiteClass.java:20)
at com.defects.tests.SuiteClass.teardown(SuiteClass.java:20)
at com.defects.tests.SuiteClass.teardown(SuiteClass.java:20)
at com.defects.tests.SuiteClass.teardown(SuiteClass.java:20)
at com.defects.tests.SuiteClass.teardown(SuiteClass.java:20)
at com.defects.tests.SuiteClass.teardown(SuiteClass.java:20)
at com.defects.tests.SuiteClass.teardown(SuiteClass.java:20)
at com.defects.tests.SuiteClass.teardown(SuiteClass.java:20)
at com.defects.tests.SuiteClass.teardown(SuiteClass.java:20)
at com.defects.tests.SuiteClass.teardown(SuiteClass.java:20)
at com.defects.tests.SuiteClass.teardown(SuiteClass.java:20)
at com.defects.tests.SuiteClass.teardown(SuiteClass.java:20)
at com.defects.tests.SuiteClass.teardown(SuiteClass.java:20)
at com.defects.tests.SuiteClass.teardown(SuiteClass.java:20)
at com.defects.tests.SuiteClass.teardown(SuiteClass.java:20)
at com.defects.tests.SuiteClass.teardown(SuiteClass.java:20)
at com.defects.tests.SuiteClass.teardown(SuiteClass.java:20)
at com.defects.tests.SuiteClass.teardown(SuiteClass.java:20)
at com.defects.tests.SuiteClass.teardown(SuiteClass.java:20)
at com.defects.tests.SuiteClass.teardown(SuiteClass.java:20)
at com.defects.tests.SuiteClass.teardown(SuiteClass.java:20)
at com.defects.tests.SuiteClass.teardown(SuiteClass.java:20)
at com.defects.tests.SuiteClass.teardown(SuiteClass.java:20)
at com.defects.tests.SuiteClass.teardown(SuiteClass.java:20)
at com.defects.tests.SuiteClass.teardown(SuiteClass.java:20)
at com.defects.tests.SuiteClass.teardown(SuiteClass.java:20)
at com.defects.tests.SuiteClass.teardown(SuiteClass.java:20)
at com.defects.tests.SuiteClass.teardown(SuiteClass.java:20)
at com.defects.tests.SuiteClass.teardown(SuiteClass.java:20)
at com.defects.tests.SuiteClass.teardown(SuiteClass.java:20)
at com.defects.tests.SuiteClass.teardown(SuiteClass.java:20)
at com.defects.tests.SuiteClass.teardown(SuiteClass.java:20)
at com.defects.tests.SuiteClass.teardown(SuiteClass.java:20)
at com.defects.tests.SuiteClass.teardown(SuiteClass.java:20)
at com.defects.tests.SuiteClass.teardown(SuiteClass.java:20)
at com.defects.tests.SuiteClass.teardown(SuiteClass.java:20)
at com.defects.tests.SuiteClass.teardown(SuiteClass.java:20)
at com.defects.tests.SuiteClass.teardown(SuiteClass.java:20)
at com.defects.tests.SuiteClass.teardown(SuiteClass.java:20)
at com.defects.tests.SuiteClass.teardown(SuiteClass.java:20)
at com.defects.tests.SuiteClass.teardown(SuiteClass.java:20)
at com.defects.tests.SuiteClass.teardown(SuiteClass.java:20)
at com.defects.tests.SuiteClass.teardown(SuiteClass.java:20)
at com.defects.tests.SuiteClass.teardown(SuiteClass.java:20)
at com.defects.tests.SuiteClass.teardown(SuiteClass.java:20)
at com.defects.tests.SuiteClass.teardown(SuiteClass.java:20)
at com.defects.tests.SuiteClass.teardown(SuiteClass.java:20)
at com.defects.tests.SuiteClass.teardown(SuiteClass.java:20)
at com.defects.tests.SuiteClass.teardown(SuiteClass.java:20)
at com.defects.tests.SuiteClass.teardown(SuiteClass.java:20)
at com.defects.tests.SuiteClass.teardown(SuiteClass.java:20)
at com.defects.tests.SuiteClass.teardown(SuiteClass.java:20)
at com.defects.tests.SuiteClass.teardown(SuiteClass.java:20)
at com.defects.tests.SuiteClass.teardown(SuiteClass.java:20)
at com.defects.tests.SuiteClass.teardown(SuiteClass.java:20)
at com.defects.tests.SuiteClass.teardown(SuiteClass.java:20)
at com.defects.tests.SuiteClass.teardown(SuiteClass.java:20)
at com.defects.tests.SuiteClass.teardown(SuiteClass.java:20)
at com.defects.tests.SuiteClass.teardown(SuiteClass.java:20)
at com.defects.tests.SuiteClass.teardown(SuiteClass.java:20)
at com.defects.tests.SuiteClass.teardown(SuiteClass.java:20)
at com.defects.tests.SuiteClass.teardown(SuiteClass.java:20)
at com.defects.tests.SuiteClass.teardown(SuiteClass.java:20)
at com.defects.tests.SuiteClass.teardown(SuiteClass.java:20)
at com.defects.tests.SuiteClass.teardown(SuiteClass.java:20)
at com.defects.tests.SuiteClass.teardown(SuiteClass.java:20)
at com.defects.tests.SuiteClass.teardown(SuiteClass.java:20)
at com.defects.tests.SuiteClass.teardown(SuiteClass.java:20)
at com.defects.tests.SuiteClass.teardown(SuiteClass.java:20)
at com.defects.tests.SuiteClass.teardown(SuiteClass.java:20)
at com.defects.tests.SuiteClass.teardown(SuiteClass.java:20)
at com.defects.tests.SuiteClass.teardown(SuiteClass.java:20)
at com.defects.tests.SuiteClass.teardown(SuiteClass.java:20)
at com.defects.tests.SuiteClass.teardown(SuiteClass.java:20)
at com.defects.tests.SuiteClass.teardown(SuiteClass.java:20)
at com.defects.tests.SuiteClass.teardown(SuiteClass.java:20)
at com.defects.tests.SuiteClass.teardown(SuiteClass.java:20)
at com.defects.tests.SuiteClass.teardown(SuiteClass.java:20)
at com.defects.tests.SuiteClass.teardown(SuiteClass.java:20)
at com.defects.tests.SuiteClass.teardown(SuiteClass.java:20)
at com.defects.tests.SuiteClass.teardown(SuiteClass.java:20)
at com.defects.tests.SuiteClass.teardown(SuiteClass.java:20)
at com.defects.tests.SuiteClass.teardown(SuiteClass.java:20)
at com.defects.tests.SuiteClass.teardown(SuiteClass.java:20)
at com.defects.tests.SuiteClass.teardown(SuiteClass.java:20)
at com.defects.tests.SuiteClass.teardown(SuiteClass.java:20)
at com.defects.tests.SuiteClass.teardown(SuiteClass.java:20)
at com.defects.tests.SuiteClass.teardown(SuiteClass.java:20)
at com.defects.tests.SuiteClass.teardown(SuiteClass.java:20)
at com.defects.tests.SuiteClass.teardown(SuiteClass.java:20)
at com.defects.tests.SuiteClass.teardown(SuiteClass.java:20)
at com.defects.tests.SuiteClass.teardown(SuiteClass.java:20)
at com.defects.tests.SuiteClass.teardown(SuiteClass.java:20)
at com.defects.tests.SuiteClass.teardown(SuiteClass.java:20)
at com.defects.tests.SuiteClass.teardown(SuiteClass.java:20)
at com.defects.tests.SuiteClass.teardown(SuiteClass.java:20)
at com.defects.tests.SuiteClass.teardown(SuiteClass.java:20)
at com.defects.tests.SuiteClass.teardown(SuiteClass.java:20)
at com.defects.tests.SuiteClass.teardown(SuiteClass.java:20)
at com.defects.tests.SuiteClass.teardown(SuiteClass.java:20)
at com.defects.tests.SuiteClass.teardown(SuiteClass.java:20)
at com.defects.tests.SuiteClass.teardown(SuiteClass.java:20)
at com.defects.tests.SuiteClass.teardown(SuiteClass.java:20)
at com.defects.tests.SuiteClass.teardown(SuiteClass.java:20)
at com.defects.tests.SuiteClass.teardown(SuiteClass.java:20)
at com.defects.tests.SuiteClass.teardown(SuiteClass.java:20)
at com.defects.tests.SuiteClass.teardown(SuiteClass.java:20)
at com.defects.tests.SuiteClass.teardown(SuiteClass.java:20)
at com.defects.tests.SuiteClass.teardown(SuiteClass.java:20)
at com.defects.tests.SuiteClass.teardown(SuiteClass.java:20)
at com.defects.tests.SuiteClass.teardown(SuiteClass.java:20)
at com.defects.tests.SuiteClass.teardown(SuiteClass.java:20)
at com.defects.tests.SuiteClass.teardown(SuiteClass.java:20)
at com.defects.tests.SuiteClass.teardown(SuiteClass.java:20)
at com.defects.tests.SuiteClass.teardown(SuiteClass.java:20)
at com.defects.tests.SuiteClass.teardown(SuiteClass.java:20)
at com.defects.tests.SuiteClass.teardown(SuiteClass.java:20)
at com.defects.tests.SuiteClass.teardown(SuiteClass.java:20)
at com.defects.tests.SuiteClass.teardown(SuiteClass.java:20)
at com.defects.tests.SuiteClass.teardown(SuiteClass.java:20)
at com.defects.tests.SuiteClass.teardown(SuiteClass.java:20)
at com.defects.tests.SuiteClass.teardown(SuiteClass.java:20)
at com.defects.tests.SuiteClass.teardown(SuiteClass.java:20)
at com.defects.tests.SuiteClass.teardown(SuiteClass.java:20)
at com.defects.tests.SuiteClass.teardown(SuiteClass.java:20)
at com.defects.tests.SuiteClass.teardown(SuiteClass.java:20)
at com.defects.tests.SuiteClass.teardown(SuiteClass.java:20)
at com.defects.tests.SuiteClass.teardown(SuiteClass.java:20)
at com.defects.tests.SuiteClass.teardown(SuiteClass.java:20)
at com.defects.tests.SuiteClass.teardown(SuiteClass.java:20)
at com.defects.tests.SuiteClass.teardown(SuiteClass.java:20)
at com.defects.tests.SuiteClass.teardown(SuiteClass.java:20)
at com.defects.tests.SuiteClass.teardown(SuiteClass.java:20)
at com.defects.tests.SuiteClass.teardown(SuiteClass.java:20)
at com.defects.tests.SuiteClass.teardown(SuiteClass.java:20)
at com.defects.tests.SuiteClass.teardown(SuiteClass.java:20)
at com.defects.tests.SuiteClass.teardown(SuiteClass.java:20)
at com.defects.tests.SuiteClass.teardown(SuiteClass.java:20)
at com.defects.tests.SuiteClass.teardown(SuiteClass.java:20)
at com.defects.tests.SuiteClass.teardown(SuiteClass.java:20)
at com.defects.tests.SuiteClass.teardown(SuiteClass.java:20)
at com.defects.tests.SuiteClass.teardown(SuiteClass.java:20)
at com.defects.tests.SuiteClass.teardown(SuiteClass.java:20)
at com.defects.tests.SuiteClass.teardown(SuiteClass.java:20)
at com.defects.tests.SuiteClass.teardown(SuiteClass.java:20)
at com.defects.tests.SuiteClass.teardown(SuiteClass.java:20)
at com.defects.tests.SuiteClass.teardown(SuiteClass.java:20)
at com.defects.tests.SuiteClass.teardown(SuiteClass.java:20)
at com.defects.tests.SuiteClass.teardown(SuiteClass.java:20)
at com.defects.tests.SuiteClass.teardown(SuiteClass.java:20)
at com.defects.tests.SuiteClass.teardown(SuiteClass.java:20)
at com.defects.tests.SuiteClass.teardown(SuiteClass.java:20)
at com.defects.tests.SuiteClass.teardown(SuiteClass.java:20)
at com.defects.tests.SuiteClass.teardown(SuiteClass.java:20)
at com.defects.tests.SuiteClass.teardown(SuiteClass.java:20)
at com.defects.tests.SuiteClass.teardown(SuiteClass.java:20)
at com.defects.tests.SuiteClass.teardown(SuiteClass.java:20)
at com.defects.tests.SuiteClass.teardown(SuiteClass.java:20)
at com.defects.tests.SuiteClass.teardown(SuiteClass.java:20)
at com.defects.tests.SuiteClass.teardown(SuiteClass.java:20)
at com.defects.tests.SuiteClass.teardown(SuiteClass.java:20)
at com.defects.tests.SuiteClass.teardown(SuiteClass.java:20)
at com.defects.tests.SuiteClass.teardown(SuiteClass.java:20)
at com.defects.tests.SuiteClass.teardown(SuiteClass.java:20)
at com.defects.tests.SuiteClass.teardown(SuiteClass.java:20)
at com.defects.tests.SuiteClass.teardown(SuiteClass.java:20)
at com.defects.tests.SuiteClass.teardown(SuiteClass.java:20)
at com.defects.tests.SuiteClass.teardown(SuiteClass.java:20)
at com.defects.tests.SuiteClass.teardown(SuiteClass.java:20)
at com.defects.tests.SuiteClass.teardown(SuiteClass.java:20)
at com.defects.tests.SuiteClass.teardown(SuiteClass.java:20)
at com.defects.tests.SuiteClass.teardown(SuiteClass.java:20)
at com.defects.tests.SuiteClass.teardown(SuiteClass.java:20)
at com.defects.tests.SuiteClass.teardown(SuiteClass.java:20)
at com.defects.tests.SuiteClass.teardown(SuiteClass.java:20)
at com.defects.tests.SuiteClass.teardown(SuiteClass.java:20)
at com.defects.tests.SuiteClass.teardown(SuiteClass.java:20)
at com.defects.tests.SuiteClass.teardown(SuiteClass.java:20)
at com.defects.tests.SuiteClass.teardown(SuiteClass.java:20)
at com.defects.tests.SuiteClass.teardown(SuiteClass.java:20)
at com.defects.tests.SuiteClass.teardown(SuiteClass.java:20)
at com.defects.tests.SuiteClass.teardown(SuiteClass.java:20)
at com.defects.tests.SuiteClass.teardown(SuiteClass.java:20)
at com.defects.tests.SuiteClass.teardown(SuiteClass.java:20)
at com.defects.tests.SuiteClass.teardown(SuiteClass.java:20)
at com.defects.tests.SuiteClass.teardown(SuiteClass.java:20)
at com.defects.tests.SuiteClass.teardown(SuiteClass.java:20)
at com.defects.tests.SuiteClass.teardown(SuiteClass.java:20)
at com.defects.tests.SuiteClass.teardown(SuiteClass.java:20)
at com.defects.tests.SuiteClass.teardown(SuiteClass.java:20)
at com.defects.tests.SuiteClass.teardown(SuiteClass.java:20)
at com.defects.tests.SuiteClass.teardown(SuiteClass.java:20)
at com.defects.tests.SuiteClass.teardown(SuiteClass.java:20)
at com.defects.tests.SuiteClass.teardown(SuiteClass.java:20)
at com.defects.tests.SuiteClass.teardown(SuiteClass.java:20)
at com.defects.tests.SuiteClass.teardown(SuiteClass.java:20)
at com.defects.tests.SuiteClass.teardown(SuiteClass.java:20)
at com.defects.tests.SuiteClass.teardown(SuiteClass.java:20)
at com.defects.tests.SuiteClass.teardown(SuiteClass.java:20)
at com.defects.tests.SuiteClass.teardown(SuiteClass.java:20)
at com.defects.tests.SuiteClass.teardown(SuiteClass.java:20)
at com.defects.tests.SuiteClass.teardown(SuiteClass.java:20)
at com.defects.tests.SuiteClass.teardown(SuiteClass.java:20)
at com.defects.tests.SuiteClass.teardown(SuiteClass.java:20)
at com.defects.tests.SuiteClass.teardown(SuiteClass.java:20)
at com.defects.tests.SuiteClass.teardown(SuiteClass.java:20)
at com.defects.tests.SuiteClass.teardown(SuiteClass.java:20)
at com.defects.tests.SuiteClass.teardown(SuiteClass.java:20)
at com.defects.tests.SuiteClass.teardown(SuiteClass.java:20)
at com.defects.tests.SuiteClass.teardown(SuiteClass.java:20)
at com.defects.tests.SuiteClass.teardown(SuiteClass.java:20)
at com.defects.tests.SuiteClass.teardown(SuiteClass.java:20)
at com.defects.tests.SuiteClass.teardown(SuiteClass.java:20)
at com.defects.tests.SuiteClass.teardown(SuiteClass.java:20)
at com.defects.tests.SuiteClass.teardown(SuiteClass.java:20)
at com.defects.tests.SuiteClass.teardown(SuiteClass.java:20)
at com.defects.tests.SuiteClass.teardown(SuiteClass.java:20)
at com.defects.tests.SuiteClass.teardown(SuiteClass.java:20)
at com.defects.tests.SuiteClass.teardown(SuiteClass.java:20)
at com.defects.tests.SuiteClass.teardown(SuiteClass.java:20)
at com.defects.tests.SuiteClass.teardown(SuiteClass.java:20)
at com.defects.tests.SuiteClass.teardown(SuiteClass.java:20)
at com.defects.tests.SuiteClass.teardown(SuiteClass.java:20)
at com.defects.tests.SuiteClass.teardown(SuiteClass.java:20)
at com.defects.tests.SuiteClass.teardown(SuiteClass.java:20)
at com.defects.tests.SuiteClass.teardown(SuiteClass.java:20)
at com.defects.tests.SuiteClass.teardown(SuiteClass.java:20)
at com.defects.tests.SuiteClass.teardown(SuiteClass.java:20)
at com.defects.tests.SuiteClass.teardown(SuiteClass.java:20)
at com.defects.tests.SuiteClass.teardown(SuiteClass.java:20)
at com.defects.tests.SuiteClass.teardown(SuiteClass.java:20)
at com.defects.tests.SuiteClass.teardown(SuiteClass.java:20)
at com.defects.tests.SuiteClass.teardown(SuiteClass.java:20)
at com.defects.tests.SuiteClass.teardown(SuiteClass.java:20)
at com.defects.tests.SuiteClass.teardown(SuiteClass.java:20)
at com.defects.tests.SuiteClass.teardown(SuiteClass.java:20)
at com.defects.tests.SuiteClass.teardown(SuiteClass.java:20)
at com.defects.tests.SuiteClass.teardown(SuiteClass.java:20)
at com.defects.tests.SuiteClass.teardown(SuiteClass.java:20)
at com.defects.tests.SuiteClass.teardown(SuiteClass.java:20)
at com.defects.tests.SuiteClass.teardown(SuiteClass.java:20)
at com.defects.tests.SuiteClass.teardown(SuiteClass.java:20)
at com.defects.tests.SuiteClass.teardown(SuiteClass.java:20)
at com.defects.tests.SuiteClass.teardown(SuiteClass.java:20)
at com.defects.tests.SuiteClass.teardown(SuiteClass.java:20)
at com.defects.tests.SuiteClass.teardown(SuiteClass.java:20)
at com.defects.tests.SuiteClass.teardown(SuiteClass.java:20)
at com.defects.tests.SuiteClass.teardown(SuiteClass.java:20)
at com.defects.tests.SuiteClass.teardown(SuiteClass.java:20)
at com.defects.tests.SuiteClass.teardown(SuiteClass.java:20)
at com.defects.tests.SuiteClass.teardown(SuiteClass.java:20)
at com.defects.tests.SuiteClass.teardown(SuiteClass.java:20)
at com.defects.tests.SuiteClass.teardown(SuiteClass.java:20)
at com.defects.tests.SuiteClass.teardown(SuiteClass.java:20)
at com.defects.tests.SuiteClass.teardown(SuiteClass.java:20)
at com.defects.tests.SuiteClass.teardown(SuiteClass.java:20)
at com.defects.tests.SuiteClass.teardown(SuiteClass.java:20)
at com.defects.tests.SuiteClass.teardown(SuiteClass.java:20)
at com.defects.tests.SuiteClass.teardown(SuiteClass.java:20)
at com.defects.tests.SuiteClass.teardown(SuiteClass.java:20)
at com.defects.tests.SuiteClass.teardown(SuiteClass.java:20)
at com.defects.tests.SuiteClass.teardown(SuiteClass.java:20)
at com.defects.tests.SuiteClass.teardown(SuiteClass.java:20)
at com.defects.tests.SuiteClass.teardown(SuiteClass.java:20)
at com.defects.tests.SuiteClass.teardown(SuiteClass.java:20)
at com.defects.tests.SuiteClass.teardown(SuiteClass.java:20)
at com.defects.tests.SuiteClass.teardown(SuiteClass.java:20)
at com.defects.tests.SuiteClass.teardown(SuiteClass.java:20)
at com.defects.tests.SuiteClass.teardown(SuiteClass.java:20)
at com.defects.tests.SuiteClass.teardown(SuiteClass.java:20)
at com.defects.tests.SuiteClass.teardown(SuiteClass.java:20)
at com.defects.tests.SuiteClass.teardown(SuiteClass.java:20)
at com.defects.tests.SuiteClass.teardown(SuiteClass.java:20)
at com.defects.tests.SuiteClass.teardown(SuiteClass.java:20)
at com.defects.tests.SuiteClass.teardown(SuiteClass.java:20)
at com.defects.tests.SuiteClass.teardown(SuiteClass.java:20)
at com.defects.tests.SuiteClass.teardown(SuiteClass.java:20)
at com.defects.tests.SuiteClass.teardown(SuiteClass.java:20)
at com.defects.tests.SuiteClass.teardown(SuiteClass.java:20)
at com.defects.tests.SuiteClass.teardown(SuiteClass.java:20)
at com.defects.tests.SuiteClass.teardown(SuiteClass.java:20)
at com.defects.tests.SuiteClass.teardown(SuiteClass.java:20)
at com.defects.tests.SuiteClass.teardown(SuiteClass.java:20)
at com.defects.tests.SuiteClass.teardown(SuiteClass.java:20)
at com.defects.tests.SuiteClass.teardown(SuiteClass.java:20)
at com.defects.tests.SuiteClass.teardown(SuiteClass.java:20)
at com.defects.tests.SuiteClass.teardown(SuiteClass.java:20)
at com.defects.tests.SuiteClass.teardown(SuiteClass.java:20)
at com.defects.tests.SuiteClass.teardown(SuiteClass.java:20)
at com.defects.tests.SuiteClass.teardown(SuiteClass.java:20)
at com.defects.tests.SuiteClass.teardown(SuiteClass.java:20)
at com.defects.tests.SuiteClass.teardown(SuiteClass.java:20)
at com.defects.tests.SuiteClass.teardown(SuiteClass.java:20)
at com.defects.tests.SuiteClass.teardown(SuiteClass.java:20)
at com.defects.tests.SuiteClass.teardown(SuiteClass.java:20)
at com.defects.tests.SuiteClass.teardown(SuiteClass.java:20)
at com.defects.tests.SuiteClass.teardown(SuiteClass.java:20)
at com.defects.tests.SuiteClass.teardown(SuiteClass.java:20)
at com.defects.tests.SuiteClass.teardown(SuiteClass.java:20)
at com.defects.tests.SuiteClass.teardown(SuiteClass.java:20)
at com.defects.tests.SuiteClass.teardown(SuiteClass.java:20)
at com.defects.tests.SuiteClass.teardown(SuiteClass.java:20)
at com.defects.tests.SuiteClass.teardown(SuiteClass.java:20)
at com.defects.tests.SuiteClass.teardown(SuiteClass.java:20)
at com.defects.tests.SuiteClass.teardown(SuiteClass.java:20)
at com.defects.tests.SuiteClass.teardown(SuiteClass.java:20)
at com.defects.tests.SuiteClass.teardown(SuiteClass.java:20)
at com.defects.tests.SuiteClass.teardown(SuiteClass.java:20)
at com.defects.tests.SuiteClass.teardown(SuiteClass.java:20)
at com.defects.tests.SuiteClass.teardown(SuiteClass.java:20)
at com.defects.tests.SuiteClass.teardown(SuiteClass.java:20)
at com.defects.tests.SuiteClass.teardown(SuiteClass.java:20)
at com.defects.tests.SuiteClass.teardown(SuiteClass.java:20)
at com.defects.tests.SuiteClass.teardown(SuiteClass.java:20)
at com.defects.tests.SuiteClass.teardown(SuiteClass.java:20)
at com.defects.tests.SuiteClass.teardown(SuiteClass.java:20)
at com.defects.tests.SuiteClass.teardown(SuiteClass.java:20)
at com.defects.tests.SuiteClass.teardown(SuiteClass.java:20)
at com.defects.tests.SuiteClass.teardown(SuiteClass.java:20)
at com.defects.tests.SuiteClass.teardown(SuiteClass.java:20)
at com.defects.tests.SuiteClass.teardown(SuiteClass.java:20)
at com.defects.tests.SuiteClass.teardown(SuiteClass.java:20)
at com.defects.tests.SuiteClass.teardown(SuiteClass.java:20)
at com.defects.tests.SuiteClass.teardown(SuiteClass.java:20)
at com.defects.tests.SuiteClass.teardown(SuiteClass.java:20)
at com.defects.tests.SuiteClass.teardown(SuiteClass.java:20)
at com.defects.tests.SuiteClass.teardown(SuiteClass.java:20)
at com.defects.tests.SuiteClass.teardown(SuiteClass.java:20)
at com.defects.tests.SuiteClass.teardown(SuiteClass.java:20)
at com.defects.tests.SuiteClass.teardown(SuiteClass.java:20)
at com.defects.tests.SuiteClass.teardown(SuiteClass.java:20)
at com.defects.tests.SuiteClass.teardown(SuiteClass.java:20)
at com.defects.tests.SuiteClass.teardown(SuiteClass.java:20)
at com.defects.tests.SuiteClass.teardown(SuiteClass.java:20)
at com.defects.tests.SuiteClass.teardown(SuiteClass.java:20)
at com.defects.tests.SuiteClass.teardown(SuiteClass.java:20)
at com.defects.tests.SuiteClass.teardown(SuiteClass.java:20)
at com.defects.tests.SuiteClass.teardown(SuiteClass.java:20)
at com.defects.tests.SuiteClass.teardown(SuiteClass.java:20)
at com.defects.tests.SuiteClass.teardown(SuiteClass.java:20)
at com.defects.tests.SuiteClass.teardown(SuiteClass.java:20)
at com.defects.tests.SuiteClass.teardown(SuiteClass.java:20)
at com.defects.tests.SuiteClass.teardown(SuiteClass.java:20)
at com.defects.tests.SuiteClass.teardown(SuiteClass.java:20)
at com.defects.tests.SuiteClass.teardown(SuiteClass.java:20)
at com.defects.tests.SuiteClass.teardown(SuiteClass.java:20)
at com.defects.tests.SuiteClass.teardown(SuiteClass.java:20)
at com.defects.tests.SuiteClass.teardown(SuiteClass.java:20)
at com.defects.tests.SuiteClass.teardown(SuiteClass.java:20)
at com.defects.tests.SuiteClass.teardown(SuiteClass.java:20)
at com.defects.tests.SuiteClass.teardown(SuiteClass.java:20)
at com.defects.tests.SuiteClass.teardown(SuiteClass.java:20)
at com.defects.tests.SuiteClass.teardown(SuiteClass.java:20)
at com.defects.tests.SuiteClass.teardown(SuiteClass.java:20)
at com.defects.tests.SuiteClass.teardown(SuiteClass.java:20)
at com.defects.tests.SuiteClass.teardown(SuiteClass.java:20)
at com.defects.tests.SuiteClass.teardown(SuiteClass.java:20)
at com.defects.tests.SuiteClass.teardown(SuiteClass.java:20)
at com.defects.tests.SuiteClass.teardown(SuiteClass.java:20)
at com.defects.tests.SuiteClass.teardown(SuiteClass.java:20)
at com.defects.tests.SuiteClass.teardown(SuiteClass.java:20)
at com.defects.tests.SuiteClass.teardown(SuiteClass.java:20)
at com.defects.tests.SuiteClass.teardown(SuiteClass.java:20)
at com.defects.tests.SuiteClass.teardown(SuiteClass.java:20)
at com.defects.tests.SuiteClass.teardown(SuiteClass.java:20)
at com.defects.tests.SuiteClass.teardown(SuiteClass.java:20)
at com.defects.tests.SuiteClass.teardown(SuiteClass.java:20)
at com.defects.tests.SuiteClass.teardown(SuiteClass.java:20)
at com.defects.tests.SuiteClass.teardown(SuiteClass.java:20)
at com.defects.tests.SuiteClass.teardown(SuiteClass.java:20)
at com.defects.tests.SuiteClass.teardown(SuiteClass.java:20)
at com.defects.tests.SuiteClass.teardown(SuiteClass.java:20)
at com.defects.tests.SuiteClass.teardown(SuiteClass.java:20)
at com.defects.tests.SuiteClass.teardown(SuiteClass.java:20)
at com.defects.tests.SuiteClass.teardown(SuiteClass.java:20)
at com.defects.tests.SuiteClass.teardown(SuiteClass.java:20)
at com.defects.tests.SuiteClass.teardown(SuiteClass.java:20)
at com.defects.tests.SuiteClass.teardown(SuiteClass.java:20)
at com.defects.tests.SuiteClass.teardown(SuiteClass.java:20)
at com.defects.tests.SuiteClass.teardown(SuiteClass.java:20)
at com.defects.tests.SuiteClass.teardown(SuiteClass.java:20)
at com.defects.tests.SuiteClass.teardown(SuiteClass.java:20)
at com.defects.tests.SuiteClass.teardown(SuiteClass.java:20)
at com.defects.tests.SuiteClass.teardown(SuiteClass.java:20)
at com.defects.tests.SuiteClass.teardown(SuiteClass.java:20)
]]>
    </error>
  </testcase> <!-- teardown -->
  <system-out/>
  <testcase classname="com.defects.tests.LoginTest" name="Login" time="22.724"/>
  <system-out/>
  <testcase classname="com.defects.tests.LoginTest" name="navigateToDefectsPage" time="10.718"/>
  <system-out/>
</testsuite> <!-- com.defects.tests.LoginTest -->
