<?xml version="1.0" encoding="UTF-8"?>
<!-- Generated by org.testng.reporters.JUnitReportReporter -->
<testsuite hostname="LTIN219977" failures="0" tests="15" name="com.defects.tests.AttachmentsTest" time="59.847" errors="0" timestamp="2021-10-11T14:58:37 IST" skipped="0">
  <testcase classname="com.defects.tests.AttachmentsTest" name="attachmentsTabNavigate" time="31.819"/>
  <testcase classname="com.defects.tests.AttachmentsTest" name="test" time="0.764"/>
  <testcase classname="com.defects.tests.AttachmentsTest" name="test" time="1.465"/>
  <testcase classname="com.defects.tests.AttachmentsTest" name="test" time="1.753"/>
  <testcase classname="com.defects.tests.AttachmentsTest" name="test" time="1.414"/>
  <testcase classname="com.defects.tests.AttachmentsTest" name="test" time="0.064"/>
  <testcase classname="com.defects.tests.AttachmentsTest" name="test" time="1.376"/>
  <testcase classname="com.defects.tests.AttachmentsTest" name="test" time="0.077"/>
  <testcase classname="com.defects.tests.AttachmentsTest" name="test" time="0.072"/>
  <testcase classname="com.defects.tests.AttachmentsTest" name="test" time="0.822"/>
  <testcase classname="com.defects.tests.AttachmentsTest" name="test" time="0.073"/>
  <testcase classname="com.defects.tests.AttachmentsTest" name="test" time="0.052"/>
  <testcase classname="com.defects.tests.AttachmentsTest" name="test" time="0.091"/>
  <testcase classname="com.defects.tests.AttachmentsTest" name="singleAttachmentDelete" time="14.491"/>
  <testcase classname="com.defects.tests.AttachmentsTest" name="allAttachmentDelete" time="5.514"/>
</testsuite> <!-- com.defects.tests.AttachmentsTest -->
