<?xml version="1.0" encoding="UTF-8"?>
<!-- Generated by org.testng.reporters.JUnitReportReporter -->
<testsuite hostname="LTIN219977" failures="0" tests="15" name="com.defects.tests.AttachmentsTest" time="62.538" errors="0" timestamp="2021-10-09T22:15:17 IST" skipped="0">
  <testcase classname="com.defects.tests.AttachmentsTest" name="attachmentsTabNavigate" time="31.876"/>
  <testcase classname="com.defects.tests.AttachmentsTest" name="test" time="1.428"/>
  <testcase classname="com.defects.tests.AttachmentsTest" name="test" time="2.159"/>
  <testcase classname="com.defects.tests.AttachmentsTest" name="test" time="0.781"/>
  <testcase classname="com.defects.tests.AttachmentsTest" name="test" time="2.904"/>
  <testcase classname="com.defects.tests.AttachmentsTest" name="test" time="0.070"/>
  <testcase classname="com.defects.tests.AttachmentsTest" name="test" time="0.059"/>
  <testcase classname="com.defects.tests.AttachmentsTest" name="test" time="1.499"/>
  <testcase classname="com.defects.tests.AttachmentsTest" name="test" time="0.058"/>
  <testcase classname="com.defects.tests.AttachmentsTest" name="test" time="0.073"/>
  <testcase classname="com.defects.tests.AttachmentsTest" name="test" time="0.068"/>
  <testcase classname="com.defects.tests.AttachmentsTest" name="test" time="1.606"/>
  <testcase classname="com.defects.tests.AttachmentsTest" name="test" time="0.070"/>
  <testcase classname="com.defects.tests.AttachmentsTest" name="singleAttachmentDelete" time="14.484"/>
  <testcase classname="com.defects.tests.AttachmentsTest" name="allAttachmentDelete" time="5.403"/>
</testsuite> <!-- com.defects.tests.AttachmentsTest -->
