<?xml version="1.0" encoding="UTF-8"?>
<!-- Generated by org.testng.reporters.JUnitReportReporter -->
<testsuite hostname="LTIN219977" failures="0" tests="5" name="com.defects.tests.FiltersTest" time="43.594" errors="0" timestamp="2021-10-11T13:00:59 IST" skipped="0">
  <testcase classname="com.defects.tests.FiltersTest" name="defectHomePageFunctionalities" time="16.276"/>
  <testcase classname="com.defects.tests.FiltersTest" name="CreateInvalidFilter" time="6.411"/>
  <testcase classname="com.defects.tests.FiltersTest" name="EditFilter" time="10.258"/>
  <testcase classname="com.defects.tests.FiltersTest" name="CreateFilter" time="9.492"/>
  <testcase classname="com.defects.tests.FiltersTest" name="clearFilter" time="1.157"/>
</testsuite> <!-- com.defects.tests.FiltersTest -->
