<?xml version="1.0" encoding="UTF-8"?>
<!-- Generated by org.testng.reporters.JUnitReportReporter -->
<testsuite hostname="LTIN219977" failures="0" tests="3" name="com.defects.tests.CommentsTest" time="39.268" errors="0" timestamp="2021-10-11T13:00:59 IST" skipped="0">
  <testcase classname="com.defects.tests.CommentsTest" name="navigateToCommentsTab" time="32.629"/>
  <testcase classname="com.defects.tests.CommentsTest" name="postComment" time="3.324"/>
  <testcase classname="com.defects.tests.CommentsTest" name="replyComment" time="3.315"/>
</testsuite> <!-- com.defects.tests.CommentsTest -->
