<?xml version="1.0" encoding="UTF-8"?>
<!-- Generated by org.testng.reporters.JUnitReportReporter -->
<testsuite hostname="LTIN219977" failures="0" tests="3" name="com.defects.tests.CommentsTest" time="38.725" errors="0" timestamp="2021-10-11T14:58:37 IST" skipped="0">
  <testcase classname="com.defects.tests.CommentsTest" name="navigateToCommentsTab" time="32.657"/>
  <testcase classname="com.defects.tests.CommentsTest" name="postComment" time="3.026"/>
  <testcase classname="com.defects.tests.CommentsTest" name="replyComment" time="3.042"/>
</testsuite> <!-- com.defects.tests.CommentsTest -->
