<?xml version="1.0" encoding="UTF-8"?>
<!-- Generated by org.testng.reporters.JUnitReportReporter -->
<testsuite hostname="LTIN219977" failures="0" tests="4" name="com.defects.tests.WorkFlowTest" time="208.853" errors="0" timestamp="2021-10-11T14:58:37 IST" skipped="0">
  <testcase classname="com.defects.tests.WorkFlowTest" name="assignParticipants" time="32.160"/>
  <testcase classname="com.defects.tests.WorkFlowTest" name="RouteToPerformer" time="26.620"/>
  <testcase classname="com.defects.tests.WorkFlowTest" name="RouteToApprover" time="82.240"/>
  <testcase classname="com.defects.tests.WorkFlowTest" name="closeDefect" time="67.833"/>
</testsuite> <!-- com.defects.tests.WorkFlowTest -->
