<?xml version="1.0" encoding="UTF-8"?>
<!-- Generated by org.testng.reporters.JUnitReportReporter -->
<testsuite hostname="LTIN219977" failures="0" tests="3" name="com.defects.tests.PreviousVersionsTest" time="54.315" errors="0" timestamp="2021-10-11T13:00:59 IST" skipped="0">
  <testcase classname="com.defects.tests.PreviousVersionsTest" name="navigateToPreviousVersions" time="32.847"/>
  <testcase classname="com.defects.tests.PreviousVersionsTest" name="invalidVersionDifference" time="3.195"/>
  <testcase classname="com.defects.tests.PreviousVersionsTest" name="VersionDifference" time="18.273"/>
</testsuite> <!-- com.defects.tests.PreviousVersionsTest -->
