<?xml version="1.0" encoding="UTF-8"?>
<!-- Generated by org.testng.reporters.JUnitReportReporter -->
<testsuite hostname="LTIN219977" failures="0" tests="3" name="com.defects.tests.CommentsTest" time="38.741" errors="0" timestamp="2021-10-09T22:15:17 IST" skipped="0">
  <testcase classname="com.defects.tests.CommentsTest" name="navigateToCommentsTab" time="32.637"/>
  <testcase classname="com.defects.tests.CommentsTest" name="postComment" time="3.020"/>
  <testcase classname="com.defects.tests.CommentsTest" name="replyComment" time="3.084"/>
</testsuite> <!-- com.defects.tests.CommentsTest -->
