<?xml version="1.0" encoding="UTF-8"?>
<!-- Generated by org.testng.reporters.JUnitReportReporter -->
<testsuite hostname="LTIN219977" failures="0" tests="3" name="com.defects.tests.TableViewTest" time="11.310" errors="0" timestamp="2021-10-11T14:58:37 IST" skipped="0">
  <testcase classname="com.defects.tests.TableViewTest" name="createInvalidTable" time="2.408"/>
  <testcase classname="com.defects.tests.TableViewTest" name="createValidTable" time="3.473"/>
  <testcase classname="com.defects.tests.TableViewTest" name="EditTable" time="5.429"/>
</testsuite> <!-- com.defects.tests.TableViewTest -->
