<?xml version="1.0" encoding="UTF-8"?>
<!-- Generated by org.testng.reporters.JUnitReportReporter -->
<testsuite hostname="LTIN219977" failures="0" tests="5" name="com.defects.tests.FiltersTest" time="35.652" errors="0" timestamp="2021-10-11T14:58:37 IST" skipped="0">
  <testcase classname="com.defects.tests.FiltersTest" name="defectHomePageFunctionalities" time="15.643"/>
  <testcase classname="com.defects.tests.FiltersTest" name="CreateInvalidFilter" time="5.763"/>
  <testcase classname="com.defects.tests.FiltersTest" name="EditFilter" time="6.914"/>
  <testcase classname="com.defects.tests.FiltersTest" name="CreateFilter" time="6.298"/>
  <testcase classname="com.defects.tests.FiltersTest" name="clearFilter" time="1.034"/>
</testsuite> <!-- com.defects.tests.FiltersTest -->
