<?xml version="1.0" encoding="UTF-8"?>
<!-- Generated by org.testng.reporters.JUnitReportReporter -->
<testsuite hostname="LTIN219977" failures="0" tests="3" name="com.defects.tests.CommentsTest" time="38.675" errors="0" timestamp="2021-10-11T11:39:05 IST" skipped="0">
  <testcase classname="com.defects.tests.CommentsTest" name="navigateToCommentsTab" time="32.522"/>
  <testcase classname="com.defects.tests.CommentsTest" name="postComment" time="3.012"/>
  <testcase classname="com.defects.tests.CommentsTest" name="replyComment" time="3.141"/>
</testsuite> <!-- com.defects.tests.CommentsTest -->
