<?xml version="1.0" encoding="UTF-8"?>
<!-- Generated by org.testng.reporters.JUnitReportReporter -->
<testsuite hostname="LTIN219977" failures="0" tests="2" name="com.defects.tests.AddDefectTest" time="57.495" errors="0" timestamp="2021-10-09T22:15:17 IST" skipped="0">
  <testcase classname="com.defects.tests.AddDefectTest" name="openAddDefectPage" time="4.698"/>
  <testcase classname="com.defects.tests.AddDefectTest" name="fillDetails" time="52.797"/>
</testsuite> <!-- com.defects.tests.AddDefectTest -->
