<?xml version="1.0" encoding="UTF-8"?>
<!-- Generated by org.testng.reporters.JUnitReportReporter -->
<testsuite hostname="LTIN219977" failures="0" tests="15" name="com.defects.tests.AttachmentsTest" time="61.172" errors="0" timestamp="2021-10-11T13:00:59 IST" skipped="0">
  <testcase classname="com.defects.tests.AttachmentsTest" name="attachmentsTabNavigate" time="32.110"/>
  <testcase classname="com.defects.tests.AttachmentsTest" name="test" time="0.083"/>
  <testcase classname="com.defects.tests.AttachmentsTest" name="test" time="0.065"/>
  <testcase classname="com.defects.tests.AttachmentsTest" name="test" time="0.068"/>
  <testcase classname="com.defects.tests.AttachmentsTest" name="test" time="0.061"/>
  <testcase classname="com.defects.tests.AttachmentsTest" name="test" time="1.477"/>
  <testcase classname="com.defects.tests.AttachmentsTest" name="test" time="1.476"/>
  <testcase classname="com.defects.tests.AttachmentsTest" name="test" time="2.664"/>
  <testcase classname="com.defects.tests.AttachmentsTest" name="test" time="0.079"/>
  <testcase classname="com.defects.tests.AttachmentsTest" name="test" time="1.574"/>
  <testcase classname="com.defects.tests.AttachmentsTest" name="test" time="0.085"/>
  <testcase classname="com.defects.tests.AttachmentsTest" name="test" time="1.338"/>
  <testcase classname="com.defects.tests.AttachmentsTest" name="test" time="0.072"/>
  <testcase classname="com.defects.tests.AttachmentsTest" name="singleAttachmentDelete" time="14.585"/>
  <testcase classname="com.defects.tests.AttachmentsTest" name="allAttachmentDelete" time="5.435"/>
</testsuite> <!-- com.defects.tests.AttachmentsTest -->
