<?xml version="1.0" encoding="UTF-8"?>
<!-- Generated by org.testng.reporters.JUnitReportReporter -->
<testsuite hostname="LTIN327392" failures="0" tests="2" name="com.defects.tests.LoginTest" time="10.091" errors="0" timestamp="07 Oct 2021 08:12:52 GMT" skipped="0">
  <testcase classname="com.defects.tests.LoginTest" name="checkDropdown" time="5.092"/>
  <testcase classname="com.defects.tests.LoginTest" name="checkCheckBox" time="4.999"/>
</testsuite> <!-- com.defects.tests.LoginTest -->
