<?xml version="1.0" encoding="UTF-8"?>
<!-- Generated by org.testng.reporters.JUnitReportReporter -->
<testsuite hostname="LTIN219977" failures="0" tests="2" name="com.defects.tests.LoginTest" time="20.457" errors="0" timestamp="2021-10-11T11:39:05 IST" skipped="0">
  <testcase classname="com.defects.tests.LoginTest" name="Login" time="8.442"/>
  <testcase classname="com.defects.tests.LoginTest" name="navigateToDefectsPage" time="12.015"/>
</testsuite> <!-- com.defects.tests.LoginTest -->
