<?xml version="1.0" encoding="UTF-8"?>
<!-- Generated by org.testng.reporters.JUnitReportReporter -->
<testsuite hostname="LTIN219977" failures="0" tests="3" name="com.defects.tests.PreviousVersionsTest" time="53.731" errors="0" timestamp="2021-10-11T14:58:37 IST" skipped="0">
  <testcase classname="com.defects.tests.PreviousVersionsTest" name="navigateToPreviousVersions" time="32.786"/>
  <testcase classname="com.defects.tests.PreviousVersionsTest" name="invalidVersionDifference" time="2.712"/>
  <testcase classname="com.defects.tests.PreviousVersionsTest" name="VersionDifference" time="18.233"/>
</testsuite> <!-- com.defects.tests.PreviousVersionsTest -->
