<?xml version="1.0" encoding="UTF-8"?>
<!-- Generated by org.testng.reporters.JUnitReportReporter -->
<testsuite hostname="LTIN219977" failures="0" tests="3" name="com.defects.tests.PreviousVersionsTest" time="54.825" errors="0" timestamp="2021-10-11T11:39:05 IST" skipped="0">
  <testcase classname="com.defects.tests.PreviousVersionsTest" name="navigateToPreviousVersions" time="32.723"/>
  <testcase classname="com.defects.tests.PreviousVersionsTest" name="invalidVersionDifference" time="2.662"/>
  <testcase classname="com.defects.tests.PreviousVersionsTest" name="VersionDifference" time="19.440"/>
</testsuite> <!-- com.defects.tests.PreviousVersionsTest -->
